2025-08-10 14:17:45,864 INFO Config saved (encrypted)
2025-08-10 14:34:44,418 INFO Config saved (encrypted)
2025-08-10 14:34:47,192 INFO Wrote build script to C:\Users\krist\OneDrive\Töölaud\Dropship\Adjusted\Updated Skeleton\build_win_exe.bat
2025-08-10 23:17:18,481 INFO Config saved (encrypted)
2025-08-10 23:20:41,383 INFO Config saved (encrypted)
2025-08-10 23:28:53,244 INFO Config saved (encrypted)
2025-08-10 23:28:53,255 INFO Config saved (encrypted)
2025-08-10 23:28:53,257 INFO Config saved (encrypted)
2025-08-10 23:28:53,259 INFO Config saved (encrypted)
2025-08-10 23:28:53,361 INFO Config saved (encrypted)
2025-08-10 23:28:53,361 INFO Obtained eBay app token for sandbox, expires in 1234s
2025-08-10 23:31:26,656 INFO Config saved (encrypted)
2025-08-10 23:31:26,671 INFO Config saved (encrypted)
2025-08-10 23:31:26,673 INFO Config saved (encrypted)
2025-08-10 23:31:26,675 INFO Config saved (encrypted)
2025-08-10 23:31:26,732 INFO Config saved (encrypted)
2025-08-10 23:31:26,733 INFO Obtained eBay app token for sandbox, expires in 1234s
2025-08-10 23:32:04,406 INFO Config saved (encrypted)
2025-08-10 23:51:51,802 INFO Fetching AliExpress product 1005005978197632
2025-08-10 23:51:52,939 ERROR eBay token fetch failed: 400 {"error":"invalid_scope","error_description":"The requested scope is invalid, unknown, malformed, or exceeds the scope granted to the client"}
2025-08-10 23:51:52,940 ERROR Failed to obtain eBay app token: eBay token fetch failed: 400
Traceback (most recent call last):
  File "C:\Users\krist\OneDrive\Töölaud\Dropship\Adjusted\Updated Skeleton\Global_Marketplace_Bridge.py", line 275, in obtain_app_token
    raise Exception(f"eBay token fetch failed: {resp.status_code}")
Exception: eBay token fetch failed: 400
2025-08-10 23:51:52,942 WARNING Attempt 1 failed for create_inventory_item: eBay token fetch failed: 400
2025-08-10 23:51:55,787 ERROR eBay token fetch failed: 400 {"error":"invalid_scope","error_description":"The requested scope is invalid, unknown, malformed, or exceeds the scope granted to the client"}
2025-08-10 23:51:55,787 ERROR Failed to obtain eBay app token: eBay token fetch failed: 400
Traceback (most recent call last):
  File "C:\Users\krist\OneDrive\Töölaud\Dropship\Adjusted\Updated Skeleton\Global_Marketplace_Bridge.py", line 275, in obtain_app_token
    raise Exception(f"eBay token fetch failed: {resp.status_code}")
Exception: eBay token fetch failed: 400
2025-08-10 23:51:55,787 WARNING Attempt 2 failed for create_inventory_item: eBay token fetch failed: 400
2025-08-10 23:52:00,700 ERROR eBay token fetch failed: 400 {"error":"invalid_scope","error_description":"The requested scope is invalid, unknown, malformed, or exceeds the scope granted to the client"}
2025-08-10 23:52:00,700 ERROR Failed to obtain eBay app token: eBay token fetch failed: 400
Traceback (most recent call last):
  File "C:\Users\krist\OneDrive\Töölaud\Dropship\Adjusted\Updated Skeleton\Global_Marketplace_Bridge.py", line 275, in obtain_app_token
    raise Exception(f"eBay token fetch failed: {resp.status_code}")
Exception: eBay token fetch failed: 400
2025-08-10 23:52:00,701 WARNING Attempt 3 failed for create_inventory_item: eBay token fetch failed: 400
2025-08-10 23:52:00,701 ERROR Max retries reached for create_inventory_item
Traceback (most recent call last):
  File "C:\Users\krist\OneDrive\Töölaud\Dropship\Adjusted\Updated Skeleton\Global_Marketplace_Bridge.py", line 177, in wrapper
    return func(*args, **kwargs)
  File "C:\Users\krist\OneDrive\Töölaud\Dropship\Adjusted\Updated Skeleton\Global_Marketplace_Bridge.py", line 291, in create_inventory_item
    self.obtain_app_token()
  File "C:\Users\krist\OneDrive\Töölaud\Dropship\Adjusted\Updated Skeleton\Global_Marketplace_Bridge.py", line 275, in obtain_app_token
    raise Exception(f"eBay token fetch failed: {resp.status_code}")
Exception: eBay token fetch failed: 400
2025-08-10 23:52:00,703 INFO Import error: eBay token fetch failed: 400
2025-08-10 23:54:03,334 INFO Stock sync completed
2025-08-10 23:54:54,239 INFO Config saved (encrypted)
2025-08-10 23:54:59,973 INFO Fetching AliExpress product 1005005978197632
2025-08-10 23:55:00,872 ERROR eBay token fetch failed: 400 {"error":"invalid_scope","error_description":"The requested scope is invalid, unknown, malformed, or exceeds the scope granted to the client"}
2025-08-10 23:55:00,872 ERROR Failed to obtain eBay app token: eBay token fetch failed: 400
Traceback (most recent call last):
  File "C:\Users\krist\OneDrive\Töölaud\Dropship\Adjusted\Updated Skeleton\Global_Marketplace_Bridge.py", line 275, in obtain_app_token
    raise Exception(f"eBay token fetch failed: {resp.status_code}")
Exception: eBay token fetch failed: 400
2025-08-10 23:55:00,872 WARNING Attempt 1 failed for create_inventory_item: eBay token fetch failed: 400
2025-08-10 23:55:03,595 ERROR eBay token fetch failed: 400 {"error":"invalid_scope","error_description":"The requested scope is invalid, unknown, malformed, or exceeds the scope granted to the client"}
2025-08-10 23:55:03,595 ERROR Failed to obtain eBay app token: eBay token fetch failed: 400
Traceback (most recent call last):
  File "C:\Users\krist\OneDrive\Töölaud\Dropship\Adjusted\Updated Skeleton\Global_Marketplace_Bridge.py", line 275, in obtain_app_token
    raise Exception(f"eBay token fetch failed: {resp.status_code}")
Exception: eBay token fetch failed: 400
2025-08-10 23:55:03,595 WARNING Attempt 2 failed for create_inventory_item: eBay token fetch failed: 400
2025-08-10 23:55:08,436 ERROR eBay token fetch failed: 400 {"error":"invalid_scope","error_description":"The requested scope is invalid, unknown, malformed, or exceeds the scope granted to the client"}
2025-08-10 23:55:08,436 ERROR Failed to obtain eBay app token: eBay token fetch failed: 400
Traceback (most recent call last):
  File "C:\Users\krist\OneDrive\Töölaud\Dropship\Adjusted\Updated Skeleton\Global_Marketplace_Bridge.py", line 275, in obtain_app_token
    raise Exception(f"eBay token fetch failed: {resp.status_code}")
Exception: eBay token fetch failed: 400
2025-08-10 23:55:08,436 WARNING Attempt 3 failed for create_inventory_item: eBay token fetch failed: 400
2025-08-10 23:55:08,436 ERROR Max retries reached for create_inventory_item
Traceback (most recent call last):
  File "C:\Users\krist\OneDrive\Töölaud\Dropship\Adjusted\Updated Skeleton\Global_Marketplace_Bridge.py", line 177, in wrapper
    return func(*args, **kwargs)
  File "C:\Users\krist\OneDrive\Töölaud\Dropship\Adjusted\Updated Skeleton\Global_Marketplace_Bridge.py", line 291, in create_inventory_item
    self.obtain_app_token()
  File "C:\Users\krist\OneDrive\Töölaud\Dropship\Adjusted\Updated Skeleton\Global_Marketplace_Bridge.py", line 275, in obtain_app_token
    raise Exception(f"eBay token fetch failed: {resp.status_code}")
Exception: eBay token fetch failed: 400
2025-08-10 23:55:08,438 INFO Import error: eBay token fetch failed: 400
2025-08-10 23:56:58,370 INFO Starting auto-sync every 21600 seconds
2025-08-10 23:56:58,373 INFO Auto-sync started
2025-08-10 23:57:02,391 INFO Stock sync completed
2025-08-11 00:23:47,592 INFO Fetching AliExpress product 1005005978197632
2025-08-11 00:23:48,718 ERROR eBay token fetch failed: 400 {"error":"invalid_scope","error_description":"The requested scope is invalid, unknown, malformed, or exceeds the scope granted to the client"}
2025-08-11 00:23:48,718 ERROR Failed to obtain eBay app token: eBay token fetch failed: 400
Traceback (most recent call last):
  File "C:\Users\krist\OneDrive\Töölaud\Dropship\Adjusted\Updated Skeleton\Global_Marketplace_Bridge.py", line 275, in obtain_app_token
    'grant_type': 'client_credentials',
Exception: eBay token fetch failed: 400
2025-08-11 00:23:48,734 WARNING Attempt 1 failed for create_inventory_item: eBay token fetch failed: 400
2025-08-11 00:23:51,457 ERROR eBay token fetch failed: 400 {"error":"invalid_scope","error_description":"The requested scope is invalid, unknown, malformed, or exceeds the scope granted to the client"}
2025-08-11 00:23:51,457 ERROR Failed to obtain eBay app token: eBay token fetch failed: 400
Traceback (most recent call last):
  File "C:\Users\krist\OneDrive\Töölaud\Dropship\Adjusted\Updated Skeleton\Global_Marketplace_Bridge.py", line 275, in obtain_app_token
    'grant_type': 'client_credentials',
Exception: eBay token fetch failed: 400
2025-08-11 00:23:51,457 WARNING Attempt 2 failed for create_inventory_item: eBay token fetch failed: 400
2025-08-11 00:23:56,317 ERROR eBay token fetch failed: 400 {"error":"invalid_scope","error_description":"The requested scope is invalid, unknown, malformed, or exceeds the scope granted to the client"}
2025-08-11 00:23:56,317 ERROR Failed to obtain eBay app token: eBay token fetch failed: 400
Traceback (most recent call last):
  File "C:\Users\krist\OneDrive\Töölaud\Dropship\Adjusted\Updated Skeleton\Global_Marketplace_Bridge.py", line 275, in obtain_app_token
    'grant_type': 'client_credentials',
Exception: eBay token fetch failed: 400
2025-08-11 00:23:56,317 WARNING Attempt 3 failed for create_inventory_item: eBay token fetch failed: 400
2025-08-11 00:23:56,317 ERROR Max retries reached for create_inventory_item
Traceback (most recent call last):
  File "C:\Users\krist\OneDrive\Töölaud\Dropship\Adjusted\Updated Skeleton\Global_Marketplace_Bridge.py", line 177, in wrapper
    return func(*args, **kwargs)
  File "C:\Users\krist\OneDrive\Töölaud\Dropship\Adjusted\Updated Skeleton\Global_Marketplace_Bridge.py", line 291, in create_inventory_item
    logger.info('Obtained eBay app token for %s, expires in %ss, scope: %s', self.env, tok['expires_in'], scope)
  File "C:\Users\krist\OneDrive\Töölaud\Dropship\Adjusted\Updated Skeleton\Global_Marketplace_Bridge.py", line 275, in obtain_app_token
    'grant_type': 'client_credentials',
Exception: eBay token fetch failed: 400
2025-08-11 00:23:56,322 INFO Import error: eBay token fetch failed: 400
